{"event": "dashboard_visit", "user_id": 8, "username": "aslam", "email": "aslam.aslam93@gmail.com", "details": "User visited the main dashboard", "timestamp": "2025-04-13T08:33:00.568302"}
{"event": "profile_update", "user_id": 8, "username": "aslam", "email": "aslam.aslam93@gmail.com", "changes": {"first_name": {"old": "Mohammad", "new": "Mohammad"}, "middle_name": {"old": "", "new": ""}, "last_name": {"old": "Aslam", "new": "Aslam"}, "bio": {"old": "Founder/CEO", "new": "Founder/CEO"}}, "details": "User updated their profile information", "timestamp": "2025-04-13T08:33:50.613617"}
{"event": "logout", "user_id": 8, "username": "aslam", "email": "aslam.aslam93@gmail.com", "method": "explicit_logout", "details": "User explicitly logged out", "timestamp": "2025-04-13T08:33:59.087084"}
{"event": "user_created", "user_id": 9, "username": "nadira", "email": "nadiratowheed@gmail.com", "first_name": "Nadira", "last_name": "Towheed", "details": "New user account created and logged in", "timestamp": "2025-04-13T08:37:49.644795"}
{"event": "dashboard_visit", "user_id": 9, "username": "nadira", "email": "nadiratowheed@gmail.com", "details": "User visited the main dashboard", "timestamp": "2025-04-13T08:37:49.665970"}
{"event": "profile_update", "user_id": 9, "username": "nadira", "email": "nadiratowheed@gmail.com", "changes": {"first_name": {"old": "Nadira", "new": "Nadira"}, "middle_name": {"old": "", "new": ""}, "last_name": {"old": "Towheed", "new": "Towheed"}, "bio": {"old": "", "new": ""}}, "details": "User updated their profile information", "timestamp": "2025-04-13T08:38:38.586977"}
{"event": "logout", "user_id": 9, "username": "nadira", "email": "nadiratowheed@gmail.com", "method": "explicit_logout", "details": "User explicitly logged out", "timestamp": "2025-04-13T08:38:48.655056"}
{"event": "login", "user_id": 8, "username": "aslam", "email": "aslam.aslam93@gmail.com", "method": "form_login", "details": "User logged in successfully via login form", "timestamp": "2025-04-13T09:37:05.869032"}
{"event": "dashboard_visit", "user_id": 8, "username": "aslam", "email": "aslam.aslam93@gmail.com", "details": "User visited the main dashboard", "timestamp": "2025-04-13T09:37:05.902435"}
{"event": "logout", "user_id": 8, "username": "aslam", "email": "aslam.aslam93@gmail.com", "method": "explicit_logout", "details": "User explicitly logged out", "timestamp": "2025-04-13T09:37:09.442800"}
{"event": "login_failed", "username_or_email": "aslam.aslam93@gmail.com", "method": "form_login", "reason": "Invalid credentials", "details": "Login attempt failed with provided username/email", "timestamp": "2025-04-13T09:37:55.408436"}
{"event": "login", "user_id": 8, "username": "aslam", "email": "aslam.aslam93@gmail.com", "method": "form_login", "details": "User logged in successfully via login form", "timestamp": "2025-04-13T14:21:52.060898"}
{"event": "dashboard_visit", "user_id": 8, "username": "aslam", "email": "aslam.aslam93@gmail.com", "details": "User visited the main dashboard", "timestamp": "2025-04-13T14:21:52.086593"}
{"event": "profile_update", "user_id": 8, "username": "aslam", "email": "aslam.aslam93@gmail.com", "changes": {"first_name": {"old": "Mohammad", "new": "Mohammad"}, "middle_name": {"old": "", "new": ""}, "last_name": {"old": "Aslam", "new": "Aslam"}, "bio": {"old": "Founder/CEO", "new": "Founder/CEO"}}, "details": "User updated their profile information", "timestamp": "2025-04-13T14:22:10.956094"}
{"event": "profile_update", "user_id": 8, "username": "aslam", "email": "aslam.aslam93@gmail.com", "changes": {"first_name": {"old": "Mohammad", "new": "Mohammad"}, "middle_name": {"old": "", "new": ""}, "last_name": {"old": "Aslam", "new": "Aslam"}, "bio": {"old": "Founder/CEO", "new": "Founder/CEO"}}, "details": "User updated their profile information", "timestamp": "2025-04-13T14:22:13.792062"}
{"event": "dashboard_visit", "user_id": 8, "username": "aslam", "email": "aslam.aslam93@gmail.com", "details": "User visited the main dashboard", "timestamp": "2025-04-13T14:22:21.501268"}
{"event": "logout", "user_id": 8, "username": "aslam", "email": "aslam.aslam93@gmail.com", "method": "explicit_logout", "details": "User explicitly logged out", "timestamp": "2025-04-13T14:22:24.967696"}
{"event": "test_log", "message": "Test log entry for user_activity", "timestamp": "2025-04-13T15:19:42.480423"}
{"event": "login", "user_id": 8, "username": "aslam", "email": "aslam.aslam93@gmail.com", "method": "form_login", "details": "User logged in successfully via login form", "timestamp": "2025-04-13T16:09:42.296780"}
{"event": "dashboard_visit", "user_id": 8, "username": "aslam", "email": "aslam.aslam93@gmail.com", "details": "User visited the main dashboard", "timestamp": "2025-04-13T16:09:42.321031"}
{"event": "logout", "user_id": 8, "username": "aslam", "email": "aslam.aslam93@gmail.com", "method": "explicit_logout", "details": "User explicitly logged out", "timestamp": "2025-04-13T16:09:51.655364"}
{"event": "login", "user_id": 8, "username": "aslam", "email": "aslam.aslam93@gmail.com", "method": "form_login", "details": "User logged in successfully via login form", "timestamp": "2025-04-13T16:15:22.476385"}
{"event": "dashboard_visit", "user_id": 8, "username": "aslam", "email": "aslam.aslam93@gmail.com", "details": "User visited the main dashboard", "timestamp": "2025-04-13T16:15:22.501524"}
{"event": "logout", "user_id": 8, "username": "aslam", "email": "aslam.aslam93@gmail.com", "method": "explicit_logout", "details": "User explicitly logged out", "timestamp": "2025-04-13T16:55:53.930802"}
